\BOOKMARK [0][-]{chapter.1}{South Asian Conference on Mathematical Education}{}% 1
\BOOKMARK [0][-]{chapter.2}{South Asian Conference on Mathematical Education}{}% 2
\BOOKMARK [0][-]{chapter.3}{South Asian Conference on Mathematical Education}{}% 3
\BOOKMARK [0][-]{chapter.4}{Message}{}% 4
\BOOKMARK [0][-]{chapter.5}{South Asian Conference on Mathematical Education}{}% 5
\BOOKMARK [0][-]{chapter.6}{Some Crucial Problems of Mathematical Instruction}{}% 6
\BOOKMARK [0][-]{chapter.7}{Teaching in Secondary Schools and Research}{}% 7
\BOOKMARK [0][-]{chapter.8}{Present-Day Problems in English Mathematical Education}{}% 8
\BOOKMARK [0][-]{chapter.9}{The Problems which Face Mathematicians in Singapore...}{}% 9
\BOOKMARK [0][-]{chapter.10}{Initiation into Geometry}{}% 10
\BOOKMARK [0][-]{chapter.11}{On Mathematical Education in the U.S.S.R.}{}% 11
\BOOKMARK [0][-]{chapter.12}{New Material and a New Method for the Teaching...}{}% 12
\BOOKMARK [0][-]{chapter.13}{Report on Mathematical Instruction in Italy}{}% 13
\BOOKMARK [0][-]{chapter.14}{Typography and the Teaching of Mathematics}{}% 14
\BOOKMARK [0][-]{chapter.15}{Information on Mathematical Education in Poland}{}% 15
\BOOKMARK [0][-]{chapter.16}{A Brief Account of the Present Situation of Mathematical...}{}% 16
\BOOKMARK [0][-]{chapter.17}{South Asian Conference on Mathematical Education}{}% 17
\BOOKMARK [0][-]{chapter.18}{South Asian Conference on Mathematical Education}{}% 18
\BOOKMARK [0][-]{chapter.19}{South Asian Conference on Mathematical Education}{}% 19
\BOOKMARK [0][-]{chapter.20}{South Asian Conference on Mathematical Education}{}% 20
